<?xml version="1.0" encoding="UTF-8"?>
<testng-results ignored="0" total="1" passed="1" failed="0" skipped="0">
  <reporter-output>
  </reporter-output>
  <suite started-at="2024-04-05T13:03:58 IST" name="Default suite" finished-at="2024-04-05T13:04:04 IST" duration-ms="5698">
    <groups>
    </groups>
    <test started-at="2024-04-05T13:03:58 IST" name="Default test" finished-at="2024-04-05T13:04:04 IST" duration-ms="5698">
      <class name="test.Irctc_testclass">
        <test-method is-config="true" signature="setup()[pri:0, instance:test.Irctc_testclass@7c7b252e]" started-at="2024-04-05T13:03:58 IST" name="setup" finished-at="2024-04-05T13:03:59 IST" duration-ms="1125" status="PASS">
          <reporter-output>
          </reporter-output>
        </test-method> <!-- setup -->
        <test-method is-config="true" signature="urlopen()[pri:0, instance:test.Irctc_testclass@7c7b252e]" started-at="2024-04-05T13:03:59 IST" name="urlopen" finished-at="2024-04-05T13:04:04 IST" duration-ms="4205" status="PASS">
          <reporter-output>
          </reporter-output>
        </test-method> <!-- urlopen -->
        <test-method signature="test()[pri:0, instance:test.Irctc_testclass@7c7b252e]" started-at="2024-04-05T13:04:04 IST" name="test" finished-at="2024-04-05T13:04:04 IST" duration-ms="342" status="PASS">
          <reporter-output>
          </reporter-output>
        </test-method> <!-- test -->
      </class> <!-- test.Irctc_testclass -->
    </test> <!-- Default test -->
  </suite> <!-- Default suite -->
</testng-results>
